02:18:31 **** Incremental Build of configuration Nios II for project p ****
make all 
Info: Building ../p_bsp/
C:/intelFPGA_lite/18.1/nios2eds/bin/gnu/H-x86_64-mingw32/bin/make --no-print-directory -C ../p_bsp/
[BSP build complete]
Info: Compiling hello_world_small.c to obj/default/hello_world_small.o
nios2-elf-gcc -xc -MP -MMD -c -I../p_bsp//HAL/inc -I../p_bsp/ -I../p_bsp//drivers/inc  -pipe -D__hal__ -DALT_NO_C_PLUS_PLUS -DALT_NO_CLEAN_EXIT -D'exit(a)=_exit(a)' -DALT_NO_EXIT -DALT_USE_DIRECT_DRIVERS -DALT_NO_INSTRUCTION_EMULATION -DALT_USE_SMALL_DRIVERS -DSMALL_C_LIB -DALT_SINGLE_THREADED    -Os -g -Wall   -mno-hw-div -mno-hw-mul -mno-hw-mulx -mgpopt=global  -o obj/default/hello_world_small.o hello_world_small.c
hello_world_small.c: In function 'espInfo':
hello_world_small.c:100:7: warning: unused variable 'buff' [-Wunused-variable]
  char buff [10] = "";
       ^
Info: Linking p.elf
nios2-elf-g++  -T'../p_bsp//linker.x' -msys-crt0='../p_bsp//obj/HAL/src/crt0.o' -msys-lib=hal_bsp -L../p_bsp/  -msmallc  -Wl,-Map=p.map   -Os -g -Wall   -mno-hw-div -mno-hw-mul -mno-hw-mulx -mgpopt=global  -o p.elf obj/default/hello_world_small.o -lm -msys-lib=m
nios2-elf-insert p.elf --thread_model hal --cpu_name nios2_gen2_0 --qsys true --simulation_enabled false --stderr_dev esp --stdin_dev esp --stdout_dev esp --sopc_system_name uart --quartus_project_dir "C:/test_uart" --jdi ../..//output_files/uart.jdi --sopcinfo C:/test_uart/software/p_bsp/../../uart.sopcinfo
Info: (p.elf) 1896 Bytes program size (code + initialized data).
Info:         6288 Bytes free for stack + heap.
Info: Creating p.objdump
nios2-elf-objdump --disassemble --syms --all-header --source p.elf >p.objdump
[p build complete]

02:18:36 Build Finished (took 5s.192ms)

