Info: Starting: Create block symbol file (.bsf)
Info: qsys-generate C:\test_uart\uart.qsys --block-symbol-file --output-directory=C:\test_uart\uart --family="Cyclone IV E" --part=EP4CE6E22C8
Progress: Loading test_uart/uart.qsys
Progress: Reading input file
Progress: Adding RS232 [altera_avalon_uart 18.1]
Progress: Parameterizing module RS232
Progress: Adding clk_0 [clock_source 18.1]
Progress: Parameterizing module clk_0
Progress: Adding nios2_gen2_0 [altera_nios2_gen2 18.1]
Progress: Parameterizing module nios2_gen2_0
Progress: Adding onchip_memory2_0 [altera_avalon_onchip_memory2 18.1]
Progress: Parameterizing module onchip_memory2_0
Progress: Building connections
Progress: Parameterizing connections
Progress: Validating
Progress: Done reading input file
Info: qsys-generate succeeded.
Info: Finished: Create block symbol file (.bsf)
Info: 
Info: Starting: Create HDL design files for synthesis
Info: qsys-generate C:\test_uart\uart.qsys --synthesis=VERILOG --output-directory=C:\test_uart\uart\synthesis --family="Cyclone IV E" --part=EP4CE6E22C8
Progress: Loading test_uart/uart.qsys
Progress: Reading input file
Progress: Adding RS232 [altera_avalon_uart 18.1]
Progress: Parameterizing module RS232
Progress: Adding clk_0 [clock_source 18.1]
Progress: Parameterizing module clk_0
Progress: Adding nios2_gen2_0 [altera_nios2_gen2 18.1]
Progress: Parameterizing module nios2_gen2_0
Progress: Adding onchip_memory2_0 [altera_avalon_onchip_memory2 18.1]
Progress: Parameterizing module onchip_memory2_0
Progress: Building connections
Progress: Parameterizing connections
Progress: Validating
Progress: Done reading input file
Info: uart: Generating uart "uart" for QUARTUS_SYNTH
Info: RS232: Starting RTL generation for module 'uart_RS232'
Info: RS232:   Generation command is [exec C:/intelfpga_lite/18.1/quartus/bin64/perl/bin/perl.exe -I C:/intelfpga_lite/18.1/quartus/bin64/perl/lib -I C:/intelfpga_lite/18.1/quartus/sopc_builder/bin/europa -I C:/intelfpga_lite/18.1/quartus/sopc_builder/bin/perl_lib -I C:/intelfpga_lite/18.1/quartus/sopc_builder/bin -I C:/intelfpga_lite/18.1/quartus/../ip/altera/sopc_builder_ip/common -I C:/intelfpga_lite/18.1/quartus/../ip/altera/sopc_builder_ip/altera_avalon_uart -- C:/intelfpga_lite/18.1/quartus/../ip/altera/sopc_builder_ip/altera_avalon_uart/generate_rtl.pl --name=uart_RS232 --dir=C:/Users/Emerson/AppData/Local/Temp/alt7853_3814442147967488372.dir/0002_RS232_gen/ --quartus_dir=C:/intelfpga_lite/18.1/quartus --verilog --config=C:/Users/Emerson/AppData/Local/Temp/alt7853_3814442147967488372.dir/0002_RS232_gen//uart_RS232_component_configuration.pl  --do_build_sim=0  ]
Info: RS232: Done RTL generation for module 'uart_RS232'
Info: RS232: "uart" instantiated altera_avalon_uart "RS232"
Info: nios2_gen2_0: "uart" instantiated altera_nios2_gen2 "nios2_gen2_0"
Info: onchip_memory2_0: Starting RTL generation for module 'uart_onchip_memory2_0'
Info: onchip_memory2_0:   Generation command is [exec C:/intelfpga_lite/18.1/quartus/bin64/perl/bin/perl.exe -I C:/intelfpga_lite/18.1/quartus/bin64/perl/lib -I C:/intelfpga_lite/18.1/quartus/sopc_builder/bin/europa -I C:/intelfpga_lite/18.1/quartus/sopc_builder/bin/perl_lib -I C:/intelfpga_lite/18.1/quartus/sopc_builder/bin -I C:/intelfpga_lite/18.1/quartus/../ip/altera/sopc_builder_ip/common -I C:/intelfpga_lite/18.1/quartus/../ip/altera/sopc_builder_ip/altera_avalon_onchip_memory2 -- C:/intelfpga_lite/18.1/quartus/../ip/altera/sopc_builder_ip/altera_avalon_onchip_memory2/generate_rtl.pl --name=uart_onchip_memory2_0 --dir=C:/Users/Emerson/AppData/Local/Temp/alt7853_3814442147967488372.dir/0003_onchip_memory2_0_gen/ --quartus_dir=C:/intelfpga_lite/18.1/quartus --verilog --config=C:/Users/Emerson/AppData/Local/Temp/alt7853_3814442147967488372.dir/0003_onchip_memory2_0_gen//uart_onchip_memory2_0_component_configuration.pl  --do_build_sim=0  ]
Info: onchip_memory2_0: Done RTL generation for module 'uart_onchip_memory2_0'
Info: onchip_memory2_0: "uart" instantiated altera_avalon_onchip_memory2 "onchip_memory2_0"
Info: avalon_st_adapter: Inserting error_adapter: error_adapter_0
Info: avalon_st_adapter_001: Inserting error_adapter: error_adapter_0
Info: avalon_st_adapter_002: Inserting error_adapter: error_adapter_0
Info: mm_interconnect_0: "uart" instantiated altera_mm_interconnect "mm_interconnect_0"
Info: irq_mapper: "uart" instantiated altera_irq_mapper "irq_mapper"
Info: rst_controller: "uart" instantiated altera_reset_controller "rst_controller"
Info: cpu: Starting RTL generation for module 'uart_nios2_gen2_0_cpu'
Info: cpu:   Generation command is [exec C:/intelFPGA_lite/18.1/quartus/bin64//eperlcmd.exe -I C:/intelFPGA_lite/18.1/quartus/bin64//perl/lib -I C:/intelfpga_lite/18.1/quartus/sopc_builder/bin/europa -I C:/intelfpga_lite/18.1/quartus/sopc_builder/bin/perl_lib -I C:/intelfpga_lite/18.1/quartus/sopc_builder/bin -I C:/intelfpga_lite/18.1/quartus/../ip/altera/nios2_ip/altera_nios2_gen2/cpu_lib -I C:/intelfpga_lite/18.1/quartus/../ip/altera/nios2_ip/altera_nios2_gen2/nios_lib -I C:/intelfpga_lite/18.1/quartus/../ip/altera/nios2_ip/altera_nios2_gen2 -I C:/intelfpga_lite/18.1/quartus/../ip/altera/nios2_ip/altera_nios2_gen2 -- C:/intelfpga_lite/18.1/quartus/../ip/altera/nios2_ip/altera_nios2_gen2/generate_rtl.epl --name=uart_nios2_gen2_0_cpu --dir=C:/Users/Emerson/AppData/Local/Temp/alt7853_3814442147967488372.dir/0006_cpu_gen/ --quartus_bindir=C:/intelFPGA_lite/18.1/quartus/bin64/ --verilog --config=C:/Users/Emerson/AppData/Local/Temp/alt7853_3814442147967488372.dir/0006_cpu_gen//uart_nios2_gen2_0_cpu_processor_configuration.pl  --do_build_sim=0  ]
Info: cpu: # 2018.11.17 22:03:33 (*) Starting Nios II generation
Info: cpu: # 2018.11.17 22:03:33 (*)   Checking for plaintext license.
Info: cpu: # 2018.11.17 22:03:42 (*)   Couldn't query license setup in Quartus directory C:/intelFPGA_lite/18.1/quartus/bin64/
Info: cpu: # 2018.11.17 22:03:42 (*)   Defaulting to contents of LM_LICENSE_FILE environment variable
Info: cpu: # 2018.11.17 22:03:42 (*)   LM_LICENSE_FILE environment variable is empty
Info: cpu: # 2018.11.17 22:03:42 (*)   Plaintext license not found.
Info: cpu: # 2018.11.17 22:03:42 (*)   No license required to generate encrypted Nios II/e.
Info: cpu: # 2018.11.17 22:03:42 (*)   Elaborating CPU configuration settings
Info: cpu: # 2018.11.17 22:03:42 (*)   Creating all objects for CPU
Info: cpu: # 2018.11.17 22:03:44 (*)   Generating RTL from CPU objects
Info: cpu: # 2018.11.17 22:03:44 (*)   Creating plain-text RTL
Info: cpu: # 2018.11.17 22:03:46 (*) Done Nios II generation
Info: cpu: Done RTL generation for module 'uart_nios2_gen2_0_cpu'
Info: cpu: "nios2_gen2_0" instantiated altera_nios2_gen2_unit "cpu"
Info: nios2_gen2_0_data_master_translator: "mm_interconnect_0" instantiated altera_merlin_master_translator "nios2_gen2_0_data_master_translator"
Info: nios2_gen2_0_debug_mem_slave_translator: "mm_interconnect_0" instantiated altera_merlin_slave_translator "nios2_gen2_0_debug_mem_slave_translator"
Info: nios2_gen2_0_data_master_agent: "mm_interconnect_0" instantiated altera_merlin_master_agent "nios2_gen2_0_data_master_agent"
Info: nios2_gen2_0_debug_mem_slave_agent: "mm_interconnect_0" instantiated altera_merlin_slave_agent "nios2_gen2_0_debug_mem_slave_agent"
Info: nios2_gen2_0_debug_mem_slave_agent_rsp_fifo: "mm_interconnect_0" instantiated altera_avalon_sc_fifo "nios2_gen2_0_debug_mem_slave_agent_rsp_fifo"
Info: router: "mm_interconnect_0" instantiated altera_merlin_router "router"
Info: router_001: "mm_interconnect_0" instantiated altera_merlin_router "router_001"
Info: router_002: "mm_interconnect_0" instantiated altera_merlin_router "router_002"
Info: router_004: "mm_interconnect_0" instantiated altera_merlin_router "router_004"
Info: cmd_demux: "mm_interconnect_0" instantiated altera_merlin_demultiplexer "cmd_demux"
Info: cmd_demux_001: "mm_interconnect_0" instantiated altera_merlin_demultiplexer "cmd_demux_001"
Info: cmd_mux: "mm_interconnect_0" instantiated altera_merlin_multiplexer "cmd_mux"
Info: cmd_mux_002: "mm_interconnect_0" instantiated altera_merlin_multiplexer "cmd_mux_002"
Info: Reusing file C:/test_uart/uart/synthesis/submodules/altera_merlin_arbitrator.sv
Info: rsp_demux_002: "mm_interconnect_0" instantiated altera_merlin_demultiplexer "rsp_demux_002"
Info: rsp_mux: "mm_interconnect_0" instantiated altera_merlin_multiplexer "rsp_mux"
Info: Reusing file C:/test_uart/uart/synthesis/submodules/altera_merlin_arbitrator.sv
Info: rsp_mux_001: "mm_interconnect_0" instantiated altera_merlin_multiplexer "rsp_mux_001"
Info: Reusing file C:/test_uart/uart/synthesis/submodules/altera_merlin_arbitrator.sv
Info: avalon_st_adapter: "mm_interconnect_0" instantiated altera_avalon_st_adapter "avalon_st_adapter"
Info: error_adapter_0: "avalon_st_adapter" instantiated error_adapter "error_adapter_0"
Info: uart: Done "uart" with 26 modules, 39 files
Info: qsys-generate succeeded.
Info: Finished: Create HDL design files for synthesis
